<?xml version="1.0" encoding="UTF-8"?>
<!-- Generated by org.testng.reporters.JUnitReportReporter -->
<testsuite hostname="Vaibhav-Patil" failures="1" tests="4" name="testNGcase.GroupByTests" time="0.004" errors="0" timestamp="2023-09-29T15:19:29 IST" skipped="0">
  <testcase classname="testNGcase.GroupByTests" name="test4" time="0.001">
    <system-out>
      <![CDATA[Method Name :- test4
Status of execution is : -1]]>
    </system-out>
  </testcase> <!-- test4 -->
  <testcase classname="testNGcase.GroupByTests" name="test3" time="0.001">
    <failure message="expected [true] but found [false]" type="java.lang.AssertionError">
      <![CDATA[java.lang.AssertionError: expected [true] but found [false]
at org.testng.Assert.fail(Assert.java:111)
at org.testng.Assert.failNotEquals(Assert.java:1578)
at org.testng.Assert.assertTrue(Assert.java:57)
at org.testng.Assert.assertTrue(Assert.java:67)
at testNGcase.GroupByTests.test3(GroupByTests.java:24)
at java.base/jdk.internal.reflect.NativeMethodAccessorImpl.invoke0(Native Method)
at java.base/jdk.internal.reflect.NativeMethodAccessorImpl.invoke(NativeMethodAccessorImpl.java:77)
at java.base/jdk.internal.reflect.DelegatingMethodAccessorImpl.invoke(DelegatingMethodAccessorImpl.java:43)
at java.base/java.lang.reflect.Method.invoke(Method.java:568)
at org.testng.internal.invokers.MethodInvocationHelper.invokeMethod(MethodInvocationHelper.java:139)
at org.testng.internal.invokers.TestInvoker.invokeMethod(TestInvoker.java:664)
at org.testng.internal.invokers.TestInvoker.invokeTestMethod(TestInvoker.java:227)
at org.testng.internal.invokers.MethodRunner.runInSequence(MethodRunner.java:50)
at org.testng.internal.invokers.TestInvoker$MethodInvocationAgent.invoke(TestInvoker.java:957)
at org.testng.internal.invokers.TestInvoker.invokeTestMethods(TestInvoker.java:200)
at org.testng.internal.invokers.TestMethodWorker.invokeTestMethods(TestMethodWorker.java:148)
at org.testng.internal.invokers.TestMethodWorker.run(TestMethodWorker.java:128)
at java.base/java.util.ArrayList.forEach(ArrayList.java:1511)
at org.testng.TestRunner.privateRun(TestRunner.java:848)
at org.testng.TestRunner.run(TestRunner.java:621)
at org.testng.SuiteRunner.runTest(SuiteRunner.java:443)
at org.testng.SuiteRunner.runSequentially(SuiteRunner.java:437)
at org.testng.SuiteRunner.privateRun(SuiteRunner.java:397)
at org.testng.SuiteRunner.run(SuiteRunner.java:336)
at org.testng.SuiteRunnerWorker.runSuite(SuiteRunnerWorker.java:52)
at org.testng.SuiteRunnerWorker.run(SuiteRunnerWorker.java:95)
at org.testng.TestNG.runSuitesSequentially(TestNG.java:1280)
at org.testng.TestNG.runSuitesLocally(TestNG.java:1200)
at org.testng.TestNG.runSuites(TestNG.java:1114)
at org.testng.TestNG.run(TestNG.java:1082)
at org.testng.remote.AbstractRemoteTestNG.run(AbstractRemoteTestNG.java:115)
at org.testng.remote.RemoteTestNG.initAndRun(RemoteTestNG.java:251)
at org.testng.remote.RemoteTestNG.main(RemoteTestNG.java:77)
]]>
    </failure>
    <system-out>
      <![CDATA[Method Name :- test3
<a href="C:\java files\SeleniumTraining\screenshot\Tue-Apr-12-20-45-24-IST-2022.png">Test Results</a>]]>
    </system-out>
  </testcase> <!-- test3 -->
  <testcase classname="testNGcase.GroupByTests" name="test1" time="0.001">
    <system-out>
      <![CDATA[Method Name :- test1
Status of execution is : -1]]>
    </system-out>
  </testcase> <!-- test1 -->
  <testcase classname="testNGcase.GroupByTests" name="test2" time="0.001">
    <system-out>
      <![CDATA[Method Name :- test2
Status of execution is : -1]]>
    </system-out>
  </testcase> <!-- test2 -->
  <system-out>
    <![CDATA[Method Name :- titletest
<a href="C:\java files\SeleniumTraining\screenshot\Tue-Apr-12-20-45-24-IST-2022.png">Test Results</a>
Method Name :- test1
Status of execution is : -1
Method Name :- test2
Status of execution is : -1
Method Name :- launchApp
Method Name :- launchApp
Method Name :- launchApp
Method Name :- launchApp
<a href="C:\java files\SeleniumTraining\screenshot\Tue-Apr-12-20-45-24-IST-2022.png">Test Results</a>
Method Name :- reporttest1
This is Test 1
Status of execution is : -1
Method Name :- reporttest2
Status of execution is : -1
Method Name :- reporttest3
Status of execution is : -1
Method Name :- reporttest4
Status of execution is : -1
Method Name :- titletest
<a href="C:\java files\SeleniumTraining\screenshot\Tue-Apr-12-20-45-24-IST-2022.png">Test Results</a>
Method Name :- test
Status of execution is : -1
Method Name :- test
Status of execution is : -1
Method Name :- test
Status of execution is : -1
Method Name :- test
Status of execution is : -1
Method Name :- test3
<a href="C:\java files\SeleniumTraining\screenshot\Tue-Apr-12-20-45-24-IST-2022.png">Test Results</a>
Method Name :- test4
Status of execution is : -1
Method Name :- test1
Status of execution is : -1
Method Name :- test2
Status of execution is : -1
Method Name :- skipTest2
Method Name :- skipTest3
Status of execution is : -1
Method Name :- skipTest4
Status of execution is : -1
Method Name :- test3
Status of execution is : -1
Method Name :- test4
Status of execution is : -1
Method Name :- test1
Status of execution is : -1
Method Name :- test2
Status of execution is : -1
Method Name :- UserResistration
This is Test 1
<a href="C:\java files\SeleniumTraining\screenshot\Tue-Apr-12-20-45-24-IST-2022.png">Test Results</a>
Method Name :- UserSearch
Method Name :- reporttest3
Status of execution is : -1
Method Name :- reporttest4
Status of execution is : -1
Method Name :- logouttest
Status of execution is : -1
Method Name :- logintest
Status of execution is : -1
Method Name :- test3
Status of execution is : -1
Method Name :- test4
Status of execution is : -1
Method Name :- test1
Status of execution is : -1
Method Name :- test2
Status of execution is : -1
Method Name :- test
Status of execution is : -1
Method Name :- test
Status of execution is : -1
Method Name :- test
Status of execution is : -1
Method Name :- test
Status of execution is : -1
Method Name :- test1
Status of execution is : -1
Method Name :- test1
Status of execution is : -1
Method Name :- test1
Status of execution is : -1
Method Name :- test1
Status of execution is : -1
Method Name :- test
Status of execution is : -1
Method Name :- test
Status of execution is : -1
Method Name :- test
Status of execution is : -1
Method Name :- test
Status of execution is : -1
Method Name :- test1
Status of execution is : -1
Method Name :- test1
Status of execution is : -1
Method Name :- test1
Status of execution is : -1
Method Name :- test1
Status of execution is : -1
Method Name :- test1
Status of execution is : -1]]>
  </system-out>
</testsuite> <!-- testNGcase.GroupByTests -->
