<?xml version="1.0" encoding="UTF-8"?>
<!-- Generated by org.testng.reporters.JUnitXMLReporter -->
<testsuite ignored="5" hostname="Vaibhav-Patil" failures="5" tests="54" name="Test" time="95.954" errors="0" timestamp="2023-09-29T15:19:28 IST">
  <testcase classname="testNGcase.Assertion_VeryfyTitleTest" name="titletest" time="4.535">
    <failure type="org.openqa.selenium.WebDriverException" message="no such execution context
  (Session info: chrome=117.0.5938.132)
Build info: version: &amp;apos;4.13.0&amp;apos;, revision: &amp;apos;ba948ece5b*&amp;apos;
System info: os.name: &amp;apos;Windows 10&amp;apos;, os.arch: &amp;apos;amd64&amp;apos;, os.version: &amp;apos;10.0&amp;apos;, java.version: &amp;apos;17.0.1&amp;apos;
Driver info: org.openqa.selenium.chrome.ChromeDriver
Command: [54c76ed21b22183bdcee499ae9044cc3, get {url=https://www.ebay.com/}]
Capabilities {acceptInsecureCerts: false, browserName: chrome, browserVersion: 117.0.5938.132, chrome: {chromedriverVersion: 117.0.5938.92 (67649b10b92b..., userDataDir: C:\Users\gopna\AppData\Loca...}, fedcm:accounts: true, goog:chromeOptions: {debuggerAddress: localhost:53819}, networkConnectionEnabled: false, pageLoadStrategy: normal, platformName: windows, proxy: Proxy(), se:cdp: ws://localhost:53819/devtoo..., se:cdpVersion: 117.0.5938.132, setWindowRect: true, strictFileInteractability: false, timeouts: {implicit: 0, pageLoad: 300000, script: 30000}, unhandledPromptBehavior: dismiss and notify, webauthn:extension:credBlob: true, webauthn:extension:largeBlob: true, webauthn:extension:minPinLength: true, webauthn:extension:prf: true, webauthn:virtualAuthenticators: true}
Session ID: 54c76ed21b22183bdcee499ae9044cc3">
      <![CDATA[org.openqa.selenium.WebDriverException: no such execution context
  (Session info: chrome=117.0.5938.132)
Build info: version: '4.13.0', revision: 'ba948ece5b*'
System info: os.name: 'Windows 10', os.arch: 'amd64', os.version: '10.0', java.version: '17.0.1'
Driver info: org.openqa.selenium.chrome.ChromeDriver
Command: [54c76ed21b22183bdcee499ae9044cc3, get {url=https://www.ebay.com/}]
Capabilities {acceptInsecureCerts: false, browserName: chrome, browserVersion: 117.0.5938.132, chrome: {chromedriverVersion: 117.0.5938.92 (67649b10b92b..., userDataDir: C:\Users\gopna\AppData\Loca...}, fedcm:accounts: true, goog:chromeOptions: {debuggerAddress: localhost:53819}, networkConnectionEnabled: false, pageLoadStrategy: normal, platformName: windows, proxy: Proxy(), se:cdp: ws://localhost:53819/devtoo..., se:cdpVersion: 117.0.5938.132, setWindowRect: true, strictFileInteractability: false, timeouts: {implicit: 0, pageLoad: 300000, script: 30000}, unhandledPromptBehavior: dismiss and notify, webauthn:extension:credBlob: true, webauthn:extension:largeBlob: true, webauthn:extension:minPinLength: true, webauthn:extension:prf: true, webauthn:virtualAuthenticators: true}
Session ID: 54c76ed21b22183bdcee499ae9044cc3
at org.openqa.selenium.remote.codec.w3c.W3CHttpResponseCodec.createException(W3CHttpResponseCodec.java:200)
at org.openqa.selenium.remote.codec.w3c.W3CHttpResponseCodec.decode(W3CHttpResponseCodec.java:133)
at org.openqa.selenium.remote.codec.w3c.W3CHttpResponseCodec.decode(W3CHttpResponseCodec.java:52)
at org.openqa.selenium.remote.HttpCommandExecutor.execute(HttpCommandExecutor.java:191)
at org.openqa.selenium.remote.service.DriverCommandExecutor.invokeExecute(DriverCommandExecutor.java:196)
at org.openqa.selenium.remote.service.DriverCommandExecutor.execute(DriverCommandExecutor.java:171)
at org.openqa.selenium.remote.RemoteWebDriver.execute(RemoteWebDriver.java:602)
at org.openqa.selenium.remote.RemoteWebDriver.get(RemoteWebDriver.java:304)
at testNGcase.Assertion_VeryfyTitleTest.titletest(Assertion_VeryfyTitleTest.java:19)
at java.base/java.util.ArrayList.forEach(ArrayList.java:1511)
... Removed 32 stack frames]]>
    </failure>
  </testcase> <!-- titletest -->
  <testcase classname="testNGcase.Before_After_Method_Test" name="test1" time="0.005"/>
  <testcase classname="testNGcase.Before_After_Method_Test" name="test2" time="0.008"/>
  <testcase classname="testNGcase.ListenerDemoTest" name="launchApp" time="6.377">
    <skipped/>
  </testcase> <!-- launchApp -->
  <testcase classname="testNGcase.ListenerDemoTest" name="launchApp" time="1.989">
    <skipped/>
  </testcase> <!-- launchApp -->
  <testcase classname="testNGcase.ListenerDemoTest" name="launchApp" time="2.106">
    <skipped/>
  </testcase> <!-- launchApp -->
  <testcase classname="testNGcase.ListenerDemoTest" name="launchApp" time="3.136">
    <failure type="java.lang.AssertionError" message="expected [true] but found [false]">
      <![CDATA[java.lang.AssertionError: expected [true] but found [false]
at testNGcase.ListenerDemoTest.launchApp(ListenerDemoTest.java:12)
at java.base/java.util.ArrayList.forEach(ArrayList.java:1511)
... Removed 31 stack frames]]>
    </failure>
  </testcase> <!-- launchApp -->
  <testcase classname="testNGcase.ReportsTest" name="reporttest1" time="32.872"/>
  <testcase classname="testNGcase.ReportsTest" name="reporttest2" time="0.002"/>
  <testcase classname="testNGcase.ReportsTest" name="reporttest3" time="0.004"/>
  <testcase classname="testNGcase.ReportsTest" name="reporttest4" time="0.002"/>
  <testcase classname="testNGcase.Assertion_Soft_Hard" name="titletest" time="12.735">
    <failure type="java.lang.AssertionError" message="The following asserts failed:
	expected [Electronics,  Cars, Fashion, Collectibles &amp;amp; More | eBay] but found [Electronics, Cars, Fashion, Collectibles &amp;amp; More | eBay]">
      <![CDATA[java.lang.AssertionError: The following asserts failed:
expected [Electronics,  Cars, Fashion, Collectibles & More | eBay] but found [Electronics, Cars, Fashion, Collectibles & More | eBay]
at testNGcase.Assertion_Soft_Hard.titletest(Assertion_Soft_Hard.java:32)
at java.base/java.util.ArrayList.forEach(ArrayList.java:1511)
... Removed 29 stack frames]]>
    </failure>
  </testcase> <!-- titletest -->
  <testcase classname="testNGcase.DataProviderDemo1" name="test" time="6.821"/>
  <testcase classname="testNGcase.DataProviderDemo1" name="test" time="5.849"/>
  <testcase classname="testNGcase.DataProviderDemo1" name="test" time="6.483"/>
  <testcase classname="testNGcase.DataProviderDemo1" name="test" time="10.454"/>
  <testcase classname="testNGcase.GroupByTests" name="test3" time="0.001">
    <failure type="java.lang.AssertionError" message="expected [true] but found [false]">
      <![CDATA[java.lang.AssertionError: expected [true] but found [false]
at testNGcase.GroupByTests.test3(GroupByTests.java:24)
at java.base/java.util.ArrayList.forEach(ArrayList.java:1511)
... Removed 31 stack frames]]>
    </failure>
  </testcase> <!-- test3 -->
  <testcase classname="testNGcase.GroupByTests" name="test4" time="0.001"/>
  <testcase classname="testNGcase.GroupByTests" name="test1" time="0.001"/>
  <testcase classname="testNGcase.GroupByTests" name="test2" time="0.001"/>
  <testcase classname="testNGcase.SkipTest" name="skipTest2" time="0.004">
    <skipped/>
  </testcase> <!-- skipTest2 -->
  <testcase classname="testNGcase.SkipTest" name="skipTest3" time="0.002"/>
  <testcase classname="testNGcase.SkipTest" name="skipTest4" time="0.002"/>
  <testcase classname="testNGcase.Before_After_Suite" name="test3" time="0.005"/>
  <testcase classname="testNGcase.Before_After_Suite" name="test4" time="0.001"/>
  <testcase classname="testNGcase.Before_After_Suite" name="test1" time="0.001"/>
  <testcase classname="testNGcase.Before_After_Suite" name="test2" time="0.001"/>
  <testcase classname="testNGcase.DependecyTest" name="UserResistration" time="0.002">
    <failure type="java.lang.AssertionError" message="expected [true] but found [false]">
      <![CDATA[java.lang.AssertionError: expected [true] but found [false]
at testNGcase.DependecyTest.UserResistration(DependecyTest.java:13)
at java.base/java.util.ArrayList.forEach(ArrayList.java:1511)
... Removed 31 stack frames]]>
    </failure>
  </testcase> <!-- UserResistration -->
  <testcase classname="testNGcase.DependecyTest" name="UserSearch" time="0.0">
    <skipped/>
  </testcase> <!-- UserSearch -->
  <testcase classname="testNGcase.DependecyTest" name="reporttest3" time="0.005"/>
  <testcase classname="testNGcase.DependecyTest" name="reporttest4" time="0.002"/>
  <testcase classname="testNGcase.LoginTest" name="logouttest" time="0.001"/>
  <testcase classname="testNGcase.LoginTest" name="logintest" time="0.0"/>
  <testcase classname="testNGcase.Before_After_Class_Group" name="test3" time="0.009"/>
  <testcase classname="testNGcase.Before_After_Class_Group" name="test4" time="0.006"/>
  <testcase classname="testNGcase.Before_After_Class_Group" name="test1" time="0.005"/>
  <testcase classname="testNGcase.Before_After_Class_Group" name="test2" time="0.002"/>
  <testcase classname="testNGcase.DataProviderToFiles" name="test" time="0.007"/>
  <testcase classname="testNGcase.DataProviderToFiles" name="test" time="0.002"/>
  <testcase classname="testNGcase.DataProviderToFiles" name="test" time="0.001"/>
  <testcase classname="testNGcase.DataProviderToFiles" name="test" time="0.017"/>
  <testcase classname="testNGcase.DataProviderToFiles" name="test1" time="0.007"/>
  <testcase classname="testNGcase.DataProviderToFiles" name="test1" time="0.003"/>
  <testcase classname="testNGcase.DataProviderToFiles" name="test1" time="0.002"/>
  <testcase classname="testNGcase.DataProviderToFiles" name="test1" time="0.001"/>
  <testcase classname="testNGcase.DataProviderDemo" name="test" time="0.001"/>
  <testcase classname="testNGcase.DataProviderDemo" name="test" time="0.001"/>
  <testcase classname="testNGcase.DataProviderDemo" name="test" time="0.001"/>
  <testcase classname="testNGcase.DataProviderDemo" name="test" time="0.006"/>
  <testcase classname="testNGcase.DataProviderDemo" name="test1" time="0.002"/>
  <testcase classname="testNGcase.DataProviderDemo" name="test1" time="0.001"/>
  <testcase classname="testNGcase.DataProviderDemo" name="test1" time="0.004"/>
  <testcase classname="testNGcase.DataProviderDemo" name="test1" time="0.001"/>
  <testcase classname="testNGcase.DataProviderDemo" name="test1" time="0.023"/>
  <testcase classname="testNGcase.SkipTest" name="skipTest1" time="0.0">
    <ignored/>
  </testcase> <!-- skipTest1 -->
  <testcase classname="testNGcase.CommonDataSetup" name="@BeforeSuite datasetup" time="0.0">
    <ignored/>
  </testcase> <!-- @BeforeSuite datasetup -->
  <testcase classname="testNGcase.BaseDrivers" name="@BeforeSuite launchBrowser" time="0.0">
    <ignored/>
  </testcase> <!-- @BeforeSuite launchBrowser -->
  <testcase classname="testNGcase.CommonDataSetup" name="@AfterSuite dataTearDpwn" time="0.0">
    <ignored/>
  </testcase> <!-- @AfterSuite dataTearDpwn -->
  <testcase classname="testNGcase.BaseDrivers" name="@AfterSuite closingBrowser" time="0.0">
    <ignored/>
  </testcase> <!-- @AfterSuite closingBrowser -->
</testsuite> <!-- Test -->
