<?xml version="1.0" encoding="UTF-8"?>
<!-- Generated by org.testng.reporters.JUnitXMLReporter -->
<testsuite ignored="0" hostname="Vaibhav-Patil" failures="1" tests="1" name="Reading browser details from testng xml" time="9.148" errors="0" timestamp="2023-09-29T15:02:13 IST">
  <testcase classname="testNGcase.PassParameter" name="launchapplication" time="9.015">
    <failure type="org.openqa.selenium.SessionNotCreatedException" message="session not created: This version of ChromeDriver only supports Chrome version 114
Current browser version is 117.0.5938.92 with binary path C:\Program Files\Google\Chrome\Application\chrome.exe
Build info: version: &amp;apos;3.141.59&amp;apos;, revision: &amp;apos;e82be7d358&amp;apos;, time: &amp;apos;2018-11-14T08:17:03&amp;apos;
System info: host: &amp;apos;VAIBHAV-PATIL&amp;apos;, ip: &amp;apos;192.168.1.19&amp;apos;, os.name: &amp;apos;Windows 10&amp;apos;, os.arch: &amp;apos;amd64&amp;apos;, os.version: &amp;apos;10.0&amp;apos;, java.version: &amp;apos;17.0.1&amp;apos;
Driver info: driver.version: ChromeDriver
remote stacktrace: Backtrace:
	GetHandleVerifier [0x0026A813+48355]
	(No symbol) [0x001FC4B1]
	(No symbol) [0x00105358]
	(No symbol) [0x001261AC]
	(No symbol) [0x00121EF3]
	(No symbol) [0x00120579]
	(No symbol) [0x00150C55]
	(No symbol) [0x0015093C]
	(No symbol) [0x0014A536]
	(No symbol) [0x001282DC]
	(No symbol) [0x001293DD]
	GetHandleVerifier [0x004CAABD+2539405]
	GetHandleVerifier [0x0050A78F+2800735]
	GetHandleVerifier [0x0050456C+2775612]
	GetHandleVerifier [0x002F51E0+616112]
	(No symbol) [0x00205F8C]
	(No symbol) [0x00202328]
	(No symbol) [0x0020240B]
	(No symbol) [0x001F4FF7]
	BaseThreadInitThunk [0x75727BA9+25]
	RtlInitializeExceptionChain [0x76F3BC5B+107]
	RtlClearBits [0x76F3BBDF+191]
	(No symbol) [0x00000000]
">
      <![CDATA[org.openqa.selenium.SessionNotCreatedException: session not created: This version of ChromeDriver only supports Chrome version 114
Current browser version is 117.0.5938.92 with binary path C:\Program Files\Google\Chrome\Application\chrome.exe
Build info: version: '3.141.59', revision: 'e82be7d358', time: '2018-11-14T08:17:03'
System info: host: 'VAIBHAV-PATIL', ip: '192.168.1.19', os.name: 'Windows 10', os.arch: 'amd64', os.version: '10.0', java.version: '17.0.1'
Driver info: driver.version: ChromeDriver
remote stacktrace: Backtrace:
GetHandleVerifier [0x0026A813+48355]
(No symbol) [0x001FC4B1]
(No symbol) [0x00105358]
(No symbol) [0x001261AC]
(No symbol) [0x00121EF3]
(No symbol) [0x00120579]
(No symbol) [0x00150C55]
(No symbol) [0x0015093C]
(No symbol) [0x0014A536]
(No symbol) [0x001282DC]
(No symbol) [0x001293DD]
GetHandleVerifier [0x004CAABD+2539405]
GetHandleVerifier [0x0050A78F+2800735]
GetHandleVerifier [0x0050456C+2775612]
GetHandleVerifier [0x002F51E0+616112]
(No symbol) [0x00205F8C]
(No symbol) [0x00202328]
(No symbol) [0x0020240B]
(No symbol) [0x001F4FF7]
BaseThreadInitThunk [0x75727BA9+25]
RtlInitializeExceptionChain [0x76F3BC5B+107]
RtlClearBits [0x76F3BBDF+191]
(No symbol) [0x00000000]

at org.openqa.selenium.remote.W3CHandshakeResponse.lambda$errorHandler$0(W3CHandshakeResponse.java:62)
at org.openqa.selenium.remote.HandshakeResponse.lambda$getResponseFunction$0(HandshakeResponse.java:30)
at org.openqa.selenium.remote.ProtocolHandshake.lambda$createSession$0(ProtocolHandshake.java:126)
at java.base/java.util.stream.ReferencePipeline$3$1.accept(ReferencePipeline.java:197)
at java.base/java.util.Spliterators$ArraySpliterator.tryAdvance(Spliterators.java:1002)
at java.base/java.util.stream.ReferencePipeline.forEachWithCancel(ReferencePipeline.java:129)
at java.base/java.util.stream.AbstractPipeline.copyIntoWithCancel(AbstractPipeline.java:527)
at java.base/java.util.stream.AbstractPipeline.copyInto(AbstractPipeline.java:513)
at java.base/java.util.stream.AbstractPipeline.wrapAndCopyInto(AbstractPipeline.java:499)
at java.base/java.util.stream.FindOps$FindOp.evaluateSequential(FindOps.java:150)
at java.base/java.util.stream.AbstractPipeline.evaluate(AbstractPipeline.java:234)
at java.base/java.util.stream.ReferencePipeline.findFirst(ReferencePipeline.java:647)
at org.openqa.selenium.remote.ProtocolHandshake.createSession(ProtocolHandshake.java:128)
at org.openqa.selenium.remote.ProtocolHandshake.createSession(ProtocolHandshake.java:74)
at org.openqa.selenium.remote.HttpCommandExecutor.execute(HttpCommandExecutor.java:136)
at org.openqa.selenium.remote.service.DriverCommandExecutor.execute(DriverCommandExecutor.java:83)
at org.openqa.selenium.remote.RemoteWebDriver.execute(RemoteWebDriver.java:552)
at org.openqa.selenium.remote.RemoteWebDriver.startSession(RemoteWebDriver.java:213)
at org.openqa.selenium.remote.RemoteWebDriver.<init>(RemoteWebDriver.java:131)
at org.openqa.selenium.chrome.ChromeDriver.<init>(ChromeDriver.java:181)
at org.openqa.selenium.chrome.ChromeDriver.<init>(ChromeDriver.java:168)
at org.openqa.selenium.chrome.ChromeDriver.<init>(ChromeDriver.java:123)
at testNGcase.PassParameter.launchapplication(PassParameter.java:23)
at java.base/java.util.ArrayList.forEach(ArrayList.java:1511)
... Removed 32 stack frames]]>
    </failure>
  </testcase> <!-- launchapplication -->
</testsuite> <!-- Reading browser details from testng xml -->
